-------------------------------------------------------------------------------------------
      name:  <unnamed>
       log:  C:\Users\varun\Downloads\1. PLFS_20-21\1. PLFS_20-21\Q3a.log
  log type:  text
 opened on:  19 Nov 2022, 23:49:00

. sum V020 V024 V134  V026, detail

                             Age
-------------------------------------------------------------
      Percentiles      Smallest
 1%            1              0
 5%            4              0
10%            7              0       Obs              413405
25%           16              0       Sum of Wgt.      413405

50%           29                      Mean           31.22042
                        Largest       Std. Dev.      19.48494
75%           45            110
90%           60            110       Variance       379.6629
95%           65            110       Skewness       .4491494
99%           78            110       Kurtosis       2.431683

              No. of years in Formal Education
-------------------------------------------------------------
      Percentiles      Smallest
 1%            0              0
 5%            0              0
10%            0              0       Obs              413405
25%            1              0       Sum of Wgt.      413405

50%            8                      Mean            6.88617
                        Largest       Std. Dev.      5.223756
75%           10             25
90%           15             26       Variance       27.28763
95%           15             27       Skewness       .0938178
99%           17             29       Kurtosis       1.922434

         Earnings For Regular Salaried/Wage Activity
-------------------------------------------------------------
      Percentiles      Smallest
 1%            0              0
 5%            0              0
10%            0              0       Obs              413405
25%            0              0       Sum of Wgt.      413405

50%            0                      Mean           1862.312
                        Largest       Std. Dev.      8405.279
75%            0         350000
90%            0         350000       Variance       7.06e+07
95%        12000         380000       Skewness       38.70746
99%        40000        2000000       Kurtosis       7819.711

     Whether received any Vocational/Technical Training
-------------------------------------------------------------
      Percentiles      Smallest
 1%            1              1
 5%            2              1
10%            4              1       Obs              297631
25%            6              1       Sum of Wgt.      297631

50%            6                      Mean           5.511277
                        Largest       Std. Dev.      1.255532
75%            6              6
90%            6              6       Variance        1.57636
95%            6              6       Skewness       -2.52035
99%            6              6       Kurtosis       8.115616



. log close
      name:  <unnamed>
       log:  C:\Users\varun\Downloads\1. PLFS_20-21\1. PLFS_20-21\Q3a.log
  log type:  text
 closed on:  19 Nov 2022, 23:53:42
-------------------------------------------------------------------------------------------
