-------------------------------------------------------------------------------------------
      name:  <unnamed>
       log:  C:\Users\varun\Downloads\1. PLFS_20-21\1. PLFS_20-21\Q3d.log
  log type:  text
 opened on:  20 Nov 2022, 00:01:04

. tab V005 V057, column row

+-------------------+
| Key               |
|-------------------|
|     frequency     |
|  row percentage   |
| column percentage |
+-------------------+

           |           Duration of spell of Unemployment
    Sector |         1          2          3          4          5 |     Total
-----------+-------------------------------------------------------+----------
         1 |       489      1,286        857        470        637 |     3,739 
           |     13.08      34.39      22.92      12.57      17.04 |    100.00 
           |     40.75      43.20      42.22      44.26      43.75 |     42.85 
-----------+-------------------------------------------------------+----------
         2 |       711      1,691      1,173        592        819 |     4,986 
           |     14.26      33.91      23.53      11.87      16.43 |    100.00 
           |     59.25      56.80      57.78      55.74      56.25 |     57.15 
-----------+-------------------------------------------------------+----------
     Total |     1,200      2,977      2,030      1,062      1,456 |     8,725 
           |     13.75      34.12      23.27      12.17      16.69 |    100.00 
           |    100.00     100.00     100.00     100.00     100.00 |    100.00 


. tab V005 V151, column row

+-------------------+
| Key               |
|-------------------|
|     frequency     |
|  row percentage   |
| column percentage |
+-------------------+

           |       Reason for leaving the last usual place of residence
    Sector |         1          2          3          4          5          6 |     Total
-----------+------------------------------------------------------------------+----------
         1 |       213         71        730         61         25         15 |     1,550 
           |     13.74       4.58      47.10       3.94       1.61       0.97 |    100.00 
           |     78.31      73.20      61.19      59.22      56.82      71.43 |     64.56 
-----------+------------------------------------------------------------------+----------
         2 |        59         26        463         42         19          6 |       851 
           |      6.93       3.06      54.41       4.94       2.23       0.71 |    100.00 
           |     21.69      26.80      38.81      40.78      43.18      28.57 |     35.44 
-----------+------------------------------------------------------------------+----------
     Total |       272         97      1,193        103         44         21 |     2,401 
           |     11.33       4.04      49.69       4.29       1.83       0.87 |    100.00 
           |    100.00     100.00     100.00     100.00     100.00     100.00 |    100.00 


           |   Reason for leaving the last
           |     usual place of residence
    Sector |         7          8          9 |     Total
-----------+---------------------------------+----------
         1 |         5        194        236 |     1,550 
           |      0.32      12.52      15.23 |    100.00 
           |     83.33      65.54      63.96 |     64.56 
-----------+---------------------------------+----------
         2 |         1        102        133 |       851 
           |      0.12      11.99      15.63 |    100.00 
           |     16.67      34.46      36.04 |     35.44 
-----------+---------------------------------+----------
     Total |         6        296        369 |     2,401 
           |      0.25      12.33      15.37 |    100.00 
           |    100.00     100.00     100.00 |    100.00 


. graph bar (mean) V134, over(VH024)

. tabstat V134 , s(mean median range min max) by (VH024)

Summary for variables: V134
     by categories of: VH024 (Social Group)

   VH024 |      mean       p50     range       min       max
---------+--------------------------------------------------
       1 |  2009.187         0    200000         0    200000
       2 |  1337.799         0    170000         0    170000
       3 |  1490.849         0    350000         0    350000
       9 |  2648.169         0   2000000         0   2000000
---------+--------------------------------------------------
   Total |  1862.312         0   2000000         0   2000000
------------------------------------------------------------

. log close
      name:  <unnamed>
       log:  C:\Users\varun\Downloads\1. PLFS_20-21\1. PLFS_20-21\Q3d.log
  log type:  text
 closed on:  20 Nov 2022, 00:02:50
-------------------------------------------------------------------------------------------
