-------------------------------------------------------------------------------------------
      name:  <unnamed>
       log:  C:\Users\varun\Downloads\1. PLFS_20-21\1. PLFS_20-21\L5.log
  log type:  text
 opened on:  20 Nov 2022, 20:43:59

.  gen VWageTotal = (V064+V068+V074+V078+V088+V084+V094+V098+V104+V108+V114+V118+V124+V128+((V134+135)*7/30))

. gen VHoursTotal=(V069+V079+V089+V099+V109+V119+V129)

. gen VHourlyWage=(VWageTotal/VHoursTotal)
(267932 missing values generated)

. tabstat VHourlyWage, s(mean median min max range) by(V005)

Summary for variables: VHourlyWage
     by categories of: V005 (Sector)

    V005 |      mean       p50       min       max     range
---------+--------------------------------------------------
       1 |  46.86208     1.125  .3214286  26554.16  26553.84
       2 |  57.89524  31.63611  .2647059  17556.04  17555.77
---------+--------------------------------------------------
   Total |   51.1734     1.575  .2647059  26554.16   26553.9
------------------------------------------------------------

. log close
      name:  <unnamed>
       log:  C:\Users\varun\Downloads\1. PLFS_20-21\1. PLFS_20-21\L5.log
  log type:  text
 closed on:  20 Nov 2022, 20:48:13
-------------------------------------------------------------------------------------------
