-------------------------------------------------------------------------------------------
      name:  <unnamed>
       log:  C:\Users\varun\Downloads\1. PLFS_20-21\1. PLFS_20-21\Q3b.log
  log type:  text
 opened on:  20 Nov 2022, 19:20:24

. tab VH022 V005, sum(VH030)

                Means, Standard Deviations and Frequencies
        of Household'S Usual Consumer Expenditure In A Month (Rs.)

 Household |       Sector
      Type |         1          2 |     Total
-----------+----------------------+----------
         1 | 9877.9915  13520.928 | 11370.211
           | 11434.157  34668.573 | 23931.515
           |     97160      67412 |    164572
-----------+----------------------+----------
         2 | 10113.104  14726.609 | 13051.802
           | 5574.1369  17743.639 | 14722.227
           |     41622      73032 |    114654
-----------+----------------------+----------
         3 | 11394.832  9698.6798 |  10789.44
           | 6062.4966  4684.6244 | 5668.1933
           |     38269      21240 |     59509
-----------+----------------------+----------
         4 | 7572.5619          . | 7572.5619
           | 3361.3324          . | 3361.3324
           |     18146          0 |     18146
-----------+----------------------+----------
         5 | 8348.2645          . | 8348.2645
           | 3831.1319          . | 3831.1319
           |     32174          0 |     32174
-----------+----------------------+----------
         9 | 8020.0278  11399.161 | 9938.1543
           |  5350.063  7399.7861 | 6801.3616
           |     10528      13822 |     24350
-----------+----------------------+----------
     Total | 9698.1733  13392.964 | 11266.751
           | 8371.2942  24542.596 | 17302.526
           |    237899     175506 |    413405

. graph bar (mean) VH030, over(VH022), if V005 == 1

. graph bar (mean) VH030, over(VH022), if V005 == 2

. graph bar (mean) VH030, over(V005)

. tabstat VH030, by(V005)

Summary for variables: VH030
     by categories of: V005 (Sector)

    V005 |      mean
---------+----------
       1 |  9698.173
       2 |  13392.96
---------+----------
   Total |  11266.75
--------------------

. log close
      name:  <unnamed>
       log:  C:\Users\varun\Downloads\1. PLFS_20-21\1. PLFS_20-21\Q3b.log
  log type:  text
 closed on:  20 Nov 2022, 19:24:22
-------------------------------------------------------------------------------------------
