-------------------------------------------------------------------------------------------
      name:  <unnamed>
       log:  C:\Users\varun\Downloads\1. PLFS_20-21\1. PLFS_20-21\Q3c.log
  log type:  text
 opened on:  19 Nov 2022, 23:58:02

. tab V006 V057 , column row

+-------------------+
| Key               |
|-------------------|
|     frequency     |
|  row percentage   |
| column percentage |
+-------------------+

  State/Ut |           Duration of spell of Unemployment
      Code |         1          2          3          4          5 |     Total
-----------+-------------------------------------------------------+----------
         1 |        16         78        115         86        135 |       430 
           |      3.72      18.14      26.74      20.00      31.40 |    100.00 
           |      1.33       2.62       5.67       8.10       9.27 |      4.93 
-----------+-------------------------------------------------------+----------
         2 |        13         52         29          7         21 |       122 
           |     10.66      42.62      23.77       5.74      17.21 |    100.00 
           |      1.08       1.75       1.43       0.66       1.44 |      1.40 
-----------+-------------------------------------------------------+----------
         3 |        46         98         65         28         36 |       273 
           |     16.85      35.90      23.81      10.26      13.19 |    100.00 
           |      3.83       3.29       3.20       2.64       2.47 |      3.13 
-----------+-------------------------------------------------------+----------
         4 |        18          6          3          2          1 |        30 
           |     60.00      20.00      10.00       6.67       3.33 |    100.00 
           |      1.50       0.20       0.15       0.19       0.07 |      0.34 
-----------+-------------------------------------------------------+----------
         5 |        38         60         48         19         17 |       182 
           |     20.88      32.97      26.37      10.44       9.34 |    100.00 
           |      3.17       2.02       2.36       1.79       1.17 |      2.09 
-----------+-------------------------------------------------------+----------
         6 |        64        124         48         29         21 |       286 
           |     22.38      43.36      16.78      10.14       7.34 |    100.00 
           |      5.33       4.17       2.36       2.73       1.44 |      3.28 
-----------+-------------------------------------------------------+----------
         7 |        16         31         36          2          3 |        88 
           |     18.18      35.23      40.91       2.27       3.41 |    100.00 
           |      1.33       1.04       1.77       0.19       0.21 |      1.01 
-----------+-------------------------------------------------------+----------
         8 |        67        148        115         41         67 |       438 
           |     15.30      33.79      26.26       9.36      15.30 |    100.00 
           |      5.58       4.97       5.67       3.86       4.60 |      5.02 
-----------+-------------------------------------------------------+----------
         9 |       102        263        127         66         68 |       626 
           |     16.29      42.01      20.29      10.54      10.86 |    100.00 
           |      8.50       8.83       6.26       6.21       4.67 |      7.17 
-----------+-------------------------------------------------------+----------
        10 |        50        135         53         27         43 |       308 
           |     16.23      43.83      17.21       8.77      13.96 |    100.00 
           |      4.17       4.53       2.61       2.54       2.95 |      3.53 
-----------+-------------------------------------------------------+----------
        11 |         8         13          3          1          2 |        27 
           |     29.63      48.15      11.11       3.70       7.41 |    100.00 
           |      0.67       0.44       0.15       0.09       0.14 |      0.31 
-----------+-------------------------------------------------------+----------
        12 |        21         74         37         34         29 |       195 
           |     10.77      37.95      18.97      17.44      14.87 |    100.00 
           |      1.75       2.49       1.82       3.20       1.99 |      2.23 
-----------+-------------------------------------------------------+----------
        13 |         6         52         72         81        177 |       388 
           |      1.55      13.40      18.56      20.88      45.62 |    100.00 
           |      0.50       1.75       3.55       7.63      12.16 |      4.45 
-----------+-------------------------------------------------------+----------
        14 |        62         49         43         30         55 |       239 
           |     25.94      20.50      17.99      12.55      23.01 |    100.00 
           |      5.17       1.65       2.12       2.82       3.78 |      2.74 
-----------+-------------------------------------------------------+----------
        15 |        11         31         30         16          9 |        97 
           |     11.34      31.96      30.93      16.49       9.28 |    100.00 
           |      0.92       1.04       1.48       1.51       0.62 |      1.11 
-----------+-------------------------------------------------------+----------
        16 |        13         69         26         17         16 |       141 
           |      9.22      48.94      18.44      12.06      11.35 |    100.00 
           |      1.08       2.32       1.28       1.60       1.10 |      1.62 
-----------+-------------------------------------------------------+----------
        17 |        22         17         14         10         14 |        77 
           |     28.57      22.08      18.18      12.99      18.18 |    100.00 
           |      1.83       0.57       0.69       0.94       0.96 |      0.88 
-----------+-------------------------------------------------------+----------
        18 |        31         84         73         56         52 |       296 
           |     10.47      28.38      24.66      18.92      17.57 |    100.00 
           |      2.58       2.82       3.60       5.27       3.57 |      3.39 
-----------+-------------------------------------------------------+----------
        19 |        43        131         90         55        116 |       435 
           |      9.89      30.11      20.69      12.64      26.67 |    100.00 
           |      3.58       4.40       4.43       5.18       7.97 |      4.99 
-----------+-------------------------------------------------------+----------
        20 |        35         83         45         23         37 |       223 
           |     15.70      37.22      20.18      10.31      16.59 |    100.00 
           |      2.92       2.79       2.22       2.17       2.54 |      2.56 
-----------+-------------------------------------------------------+----------
        21 |        51        181        102         56         70 |       460 
           |     11.09      39.35      22.17      12.17      15.22 |    100.00 
           |      4.25       6.08       5.02       5.27       4.81 |      5.27 
-----------+-------------------------------------------------------+----------
        22 |         5         61         40         11         21 |       138 
           |      3.62      44.20      28.99       7.97      15.22 |    100.00 
           |      0.42       2.05       1.97       1.04       1.44 |      1.58 
-----------+-------------------------------------------------------+----------
        23 |        32         77         63         35         29 |       236 
           |     13.56      32.63      26.69      14.83      12.29 |    100.00 
           |      2.67       2.59       3.10       3.30       1.99 |      2.70 
-----------+-------------------------------------------------------+----------
        24 |        35         48         35         20         13 |       151 
           |     23.18      31.79      23.18      13.25       8.61 |    100.00 
           |      2.92       1.61       1.72       1.88       0.89 |      1.73 
-----------+-------------------------------------------------------+----------
        25 |         0          7          2          0          0 |         9 
           |      0.00      77.78      22.22       0.00       0.00 |    100.00 
           |      0.00       0.24       0.10       0.00       0.00 |      0.10 
-----------+-------------------------------------------------------+----------
        26 |         4          8          2          1          1 |        16 
           |     25.00      50.00      12.50       6.25       6.25 |    100.00 
           |      0.33       0.27       0.10       0.09       0.07 |      0.18 
-----------+-------------------------------------------------------+----------
        27 |        83        225        124         38         43 |       513 
           |     16.18      43.86      24.17       7.41       8.38 |    100.00 
           |      6.92       7.56       6.11       3.58       2.95 |      5.88 
-----------+-------------------------------------------------------+----------
        28 |        47         94         85         53         59 |       338 
           |     13.91      27.81      25.15      15.68      17.46 |    100.00 
           |      3.92       3.16       4.19       4.99       4.05 |      3.87 
-----------+-------------------------------------------------------+----------
        29 |        46         91         54         12          9 |       212 
           |     21.70      42.92      25.47       5.66       4.25 |    100.00 
           |      3.83       3.06       2.66       1.13       0.62 |      2.43 
-----------+-------------------------------------------------------+----------
        30 |         1         32         26          8          6 |        73 
           |      1.37      43.84      35.62      10.96       8.22 |    100.00 
           |      0.08       1.07       1.28       0.75       0.41 |      0.84 
-----------+-------------------------------------------------------+----------
        31 |         2          3          3          4          7 |        19 
           |     10.53      15.79      15.79      21.05      36.84 |    100.00 
           |      0.17       0.10       0.15       0.38       0.48 |      0.22 
-----------+-------------------------------------------------------+----------
        32 |        71        199        145         78        160 |       653 
           |     10.87      30.47      22.21      11.94      24.50 |    100.00 
           |      5.92       6.68       7.14       7.34      10.99 |      7.48 
-----------+-------------------------------------------------------+----------
        33 |        92        195        167         72         68 |       594 
           |     15.49      32.83      28.11      12.12      11.45 |    100.00 
           |      7.67       6.55       8.23       6.78       4.67 |      6.81 
-----------+-------------------------------------------------------+----------
        34 |         7         16         26          4          4 |        57 
           |     12.28      28.07      45.61       7.02       7.02 |    100.00 
           |      0.58       0.54       1.28       0.38       0.27 |      0.65 
-----------+-------------------------------------------------------+----------
        35 |         3         31         17         11         16 |        78 
           |      3.85      39.74      21.79      14.10      20.51 |    100.00 
           |      0.25       1.04       0.84       1.04       1.10 |      0.89 
-----------+-------------------------------------------------------+----------
        36 |        39        111         67         29         31 |       277 
           |     14.08      40.07      24.19      10.47      11.19 |    100.00 
           |      3.25       3.73       3.30       2.73       2.13 |      3.17 
-----------+-------------------------------------------------------+----------
     Total |     1,200      2,977      2,030      1,062      1,456 |     8,725 
           |     13.75      34.12      23.27      12.17      16.69 |    100.00 
           |    100.00     100.00     100.00     100.00     100.00 |    100.00 

. log close
      name:  <unnamed>
       log:  C:\Users\varun\Downloads\1. PLFS_20-21\1. PLFS_20-21\Q3c.log
  log type:  text
 closed on:  20 Nov 2022, 00:00:38
-------------------------------------------------------------------------------------------
